<?xml version="1.0" encoding="UTF-8"?>
<testsuite xmlns:xsi="http://www.w3.org/2001/XMLSchema-instance" xsi:noNamespaceSchemaLocation="https://maven.apache.org/surefire/maven-surefire-plugin/xsd/surefire-test-report-3.0.xsd" version="3.0" name="com.ecommerce.ProductServiceTest" time="3.259" tests="6" errors="0" skipped="0" failures="0">
  <properties>
[...]
</properties>
  <testcase name="testGetProductByIdNotFound" classname="com.ecommerce.ProductServiceTest" time="3.217">
    <system-err><![CDATA[WARNING: A Java agent has been loaded dynamically (C:\path\to\local\repo\net\bytebuddy\byte-buddy-agent\1.14.10\byte-buddy-agent-1.14.10.jar)
WARNING: If a serviceability tool is in use, please run with -XX:+EnableDynamicAgentLoading to hide this warning
WARNING: If a serviceability tool is not in use, please run with -Djdk.instrument.traceUsage for more information
WARNING: Dynamic loading of agents will be disallowed by default in a future release
]]></system-err>
  </testcase>
  <testcase name="testCreateProduct" classname="com.ecommerce.ProductServiceTest" time="0.006"/>
  <testcase name="testSearchProducts" classname="com.ecommerce.ProductServiceTest" time="0.002"/>
  <testcase name="testGetProductById" classname="com.ecommerce.ProductServiceTest" time="0.003"/>
  <testcase name="testDeleteProduct" classname="com.ecommerce.ProductServiceTest" time="0.002"/>
  <testcase name="testGetAllProducts" classname="com.ecommerce.ProductServiceTest" time="0.002"/>
</testsuite>